<?xml version="1.0" encoding="UTF-8" ?>
<testsuite 
errors="0" failures="0" hostname="DESKTOP-74T0THK" name="org.scalatest.tools.DiscoverySuite" tests="0" time="0.01" timestamp="2017-12-18T17:31:39">
  <properties>
    <property name="java.runtime.name" value="Java(TM) SE Runtime Environment">
    </property>
    <property 
    name="sun.boot.library.path" value="C:\Program Files\Java\jdk1.8.0_152\jre\bin">
</property>
    <property name="java.vm.version" value="25.152-b16"> </property>
    <property name="java.vm.vendor" value="Oracle Corporation"> </property>
    <property name="java.vendor.url" value="http://java.oracle.com/">
    </property>
    <property name="path.separator" value=";"> </property>
    <property name="java.vm.name" value="Java HotSpot(TM) 64-Bit Server VM">
    </property>
    <property name="file.encoding.pkg" value="sun.io"> </property>
    <property name="user.script" value=""> </property>
    <property name="user.country" value="CN"> </property>
    <property name="sun.java.launcher" value="SUN_STANDARD"> </property>
    <property name="sun.os.patch.level" value=""> </property>
    <property 
    name="java.vm.specification.name" value="Java Virtual Machine Specification">
</property>
    <property name="user.dir" value="F:\zhaowei6\acode\mine\machinealgorithm">
    </property>
    <property name="java.runtime.version" value="1.8.0_152-b16"> </property>
    <property 
    name="java.awt.graphicsenv" value="sun.awt.Win32GraphicsEnvironment">
</property>
    <property name="basedir" value="F:\zhaowei6\acode\mine\machinealgorithm">
    </property>
    <property 
    name="java.endorsed.dirs" value="C:\Program Files\Java\jdk1.8.0_152\jre\lib\endorsed">
</property>
    <property name="os.arch" value="amd64"> </property>
    <property name="java.io.tmpdir" value="C:\Users\mi\AppData\Local\Temp\">
    </property>
    <property name="line.separator" value=" "> </property>
    <property name="java.vm.specification.vendor" value="Oracle Corporation">
    </property>
    <property name="user.variant" value=""> </property>
    <property name="os.name" value="Windows 10"> </property>
    <property name="sun.jnu.encoding" value="GBK"> </property>
    <property 
    name="java.library.path" value="C:\Program Files\Java\jdk1.8.0_152\bin;C:\WINDOWS\Sun\Java\bin;C:\WINDOWS\system32;C:\WINDOWS;C:\Program Files\Java\jdk1.8.0_152\bin;C:\WINDOWS\system32;C:\WINDOWS;C:\WINDOWS\System32\Wbem;C:\WINDOWS\System32\WindowsPowerShell\v1.0\;E:\Program Files\apache-maven-3.3.9-bin\apache-maven-3.3.9\bin;e:\Program Files\Git\cmd;E:\Program Files\mysql-5.6.20-winx64\mysql-5.6.20-winx64\bin;E:\spark\spark-2.1.1-bin-hadoop2.4\spark-2.1.1-bin-hadoop2.4\bin;C:\Program Files\scala-2.10.1\scala-2.10.1\bin;C:\Program Files\scala-2.10.1\scala-2.10.1\jre\bin;C:\Users\mi\AppData\Local\Programs\Python\Python35-32\Scripts\;C:\Users\mi\AppData\Local\Programs\Python\Python35-32\;C:\Users\mi\AppData\Local\Microsoft\WindowsApps;.">
</property>
    <property 
    name="java.specification.name" value="Java Platform API Specification">
</property>
    <property name="java.class.version" value="52.0"> </property>
    <property 
    name="sun.management.compiler" value="HotSpot 64-Bit Tiered Compilers">
</property>
    <property name="os.version" value="10.0"> </property>
    <property name="user.home" value="C:\Users\mi"> </property>
    <property name="user.timezone" value=""> </property>
    <property name="java.awt.printerjob" value="sun.awt.windows.WPrinterJob">
    </property>
    <property name="file.encoding" value="GBK"> </property>
    <property name="java.specification.version" value="1.8"> </property>
    <property name="user.name" value="mi"> </property>
    <property 
    name="java.class.path" value="F:\zhaowei6\acode\mine\machinealgorithm\target\test-classes;F:\zhaowei6\acode\mine\machinealgorithm\target\classes;C:\Users\mi\.m2\repository\org\scala-lang\scala-library\2.10.6\scala-library-2.10.6.jar;C:\Users\mi\.m2\repository\org\apache\spark\spark-core_2.10\1.6.1\spark-core_2.10-1.6.1.jar;C:\Users\mi\.m2\repository\org\apache\avro\avro-mapred\1.7.7\avro-mapred-1.7.7-hadoop2.jar;C:\Users\mi\.m2\repository\org\apache\avro\avro-ipc\1.7.7\avro-ipc-1.7.7.jar;C:\Users\mi\.m2\repository\org\apache\avro\avro\1.7.7\avro-1.7.7.jar;C:\Users\mi\.m2\repository\org\apache\avro\avro-ipc\1.7.7\avro-ipc-1.7.7-tests.jar;C:\Users\mi\.m2\repository\org\codehaus\jackson\jackson-core-asl\1.9.13\jackson-core-asl-1.9.13.jar;C:\Users\mi\.m2\repository\org\codehaus\jackson\jackson-mapper-asl\1.9.13\jackson-mapper-asl-1.9.13.jar;C:\Users\mi\.m2\repository\com\twitter\chill_2.10\0.5.0\chill_2.10-0.5.0.jar;C:\Users\mi\.m2\repository\com\esotericsoftware\kryo\kryo\2.21\kryo-2.21.jar;C:\Users\mi\.m2\repository\com\esotericsoftware\reflectasm\reflectasm\1.07\reflectasm-1.07-shaded.jar;C:\Users\mi\.m2\repository\com\esotericsoftware\minlog\minlog\1.2\minlog-1.2.jar;C:\Users\mi\.m2\repository\org\objenesis\objenesis\1.2\objenesis-1.2.jar;C:\Users\mi\.m2\repository\com\twitter\chill-java\0.5.0\chill-java-0.5.0.jar;C:\Users\mi\.m2\repository\org\apache\xbean\xbean-asm5-shaded\4.4\xbean-asm5-shaded-4.4.jar;C:\Users\mi\.m2\repository\org\apache\hadoop\hadoop-client\2.2.0\hadoop-client-2.2.0.jar;C:\Users\mi\.m2\repository\org\apache\hadoop\hadoop-common\2.2.0\hadoop-common-2.2.0.jar;C:\Users\mi\.m2\repository\commons-cli\commons-cli\1.2\commons-cli-1.2.jar;C:\Users\mi\.m2\repository\org\apache\commons\commons-math\2.1\commons-math-2.1.jar;C:\Users\mi\.m2\repository\xmlenc\xmlenc\0.52\xmlenc-0.52.jar;C:\Users\mi\.m2\repository\commons-configuration\commons-configuration\1.6\commons-configuration-1.6.jar;C:\Users\mi\.m2\repository\commons-beanutils\commons-beanutils-core\1.8.0\commons-beanutils-core-1.8.0.jar;C:\Users\mi\.m2\repository\org\apache\commons\commons-compress\1.4.1\commons-compress-1.4.1.jar;C:\Users\mi\.m2\repository\org\tukaani\xz\1.0\xz-1.0.jar;C:\Users\mi\.m2\repository\org\apache\hadoop\hadoop-hdfs\2.2.0\hadoop-hdfs-2.2.0.jar;C:\Users\mi\.m2\repository\org\mortbay\jetty\jetty-util\6.1.26\jetty-util-6.1.26.jar;C:\Users\mi\.m2\repository\org\apache\hadoop\hadoop-mapreduce-client-app\2.2.0\hadoop-mapreduce-client-app-2.2.0.jar;C:\Users\mi\.m2\repository\org\apache\hadoop\hadoop-mapreduce-client-common\2.2.0\hadoop-mapreduce-client-common-2.2.0.jar;C:\Users\mi\.m2\repository\org\apache\hadoop\hadoop-yarn-client\2.2.0\hadoop-yarn-client-2.2.0.jar;C:\Users\mi\.m2\repository\com\google\inject\guice\3.0\guice-3.0.jar;C:\Users\mi\.m2\repository\javax\inject\javax.inject\1\javax.inject-1.jar;C:\Users\mi\.m2\repository\com\sun\jersey\jersey-test-framework\jersey-test-framework-grizzly2\1.9\jersey-test-framework-grizzly2-1.9.jar;C:\Users\mi\.m2\repository\com\sun\jersey\jersey-test-framework\jersey-test-framework-core\1.9\jersey-test-framework-core-1.9.jar;C:\Users\mi\.m2\repository\com\sun\jersey\jersey-client\1.9\jersey-client-1.9.jar;C:\Users\mi\.m2\repository\com\sun\jersey\jersey-grizzly2\1.9\jersey-grizzly2-1.9.jar;C:\Users\mi\.m2\repository\org\glassfish\grizzly\grizzly-http\2.1.2\grizzly-http-2.1.2.jar;C:\Users\mi\.m2\repository\org\glassfish\grizzly\grizzly-framework\2.1.2\grizzly-framework-2.1.2.jar;C:\Users\mi\.m2\repository\org\glassfish\gmbal\gmbal-api-only\3.0.0-b023\gmbal-api-only-3.0.0-b023.jar;C:\Users\mi\.m2\repository\org\glassfish\external\management-api\3.0.0-b012\management-api-3.0.0-b012.jar;C:\Users\mi\.m2\repository\org\glassfish\grizzly\grizzly-http-server\2.1.2\grizzly-http-server-2.1.2.jar;C:\Users\mi\.m2\repository\org\glassfish\grizzly\grizzly-rcm\2.1.2\grizzly-rcm-2.1.2.jar;C:\Users\mi\.m2\repository\org\glassfish\grizzly\grizzly-http-servlet\2.1.2\grizzly-http-servlet-2.1.2.jar;C:\Users\mi\.m2\repository\org\glassfish\javax.servlet\3.1\javax.servlet-3.1.jar;C:\Users\mi\.m2\repository\com\sun\jersey\jersey-json\1.9\jersey-json-1.9.jar;C:\Users\mi\.m2\repository\org\codehaus\jettison\jettison\1.1\jettison-1.1.jar;C:\Users\mi\.m2\repository\com\sun\xml\bind\jaxb-impl\2.2.3-1\jaxb-impl-2.2.3-1.jar;C:\Users\mi\.m2\repository\com\sun\jersey\contribs\jersey-guice\1.9\jersey-guice-1.9.jar;C:\Users\mi\.m2\repository\org\apache\hadoop\hadoop-yarn-server-common\2.2.0\hadoop-yarn-server-common-2.2.0.jar;C:\Users\mi\.m2\repository\org\apache\hadoop\hadoop-mapreduce-client-shuffle\2.2.0\hadoop-mapreduce-client-shuffle-2.2.0.jar;C:\Users\mi\.m2\repository\org\apache\hadoop\hadoop-yarn-api\2.2.0\hadoop-yarn-api-2.2.0.jar;C:\Users\mi\.m2\repository\org\apache\hadoop\hadoop-mapreduce-client-core\2.2.0\hadoop-mapreduce-client-core-2.2.0.jar;C:\Users\mi\.m2\repository\org\apache\hadoop\hadoop-yarn-common\2.2.0\hadoop-yarn-common-2.2.0.jar;C:\Users\mi\.m2\repository\org\apache\hadoop\hadoop-mapreduce-client-jobclient\2.2.0\hadoop-mapreduce-client-jobclient-2.2.0.jar;C:\Users\mi\.m2\repository\org\apache\hadoop\hadoop-annotations\2.2.0\hadoop-annotations-2.2.0.jar;C:\Users\mi\.m2\repository\org\apache\spark\spark-launcher_2.10\1.6.1\spark-launcher_2.10-1.6.1.jar;C:\Users\mi\.m2\repository\org\apache\spark\spark-network-common_2.10\1.6.1\spark-network-common_2.10-1.6.1.jar;C:\Users\mi\.m2\repository\org\apache\spark\spark-network-shuffle_2.10\1.6.1\spark-network-shuffle_2.10-1.6.1.jar;C:\Users\mi\.m2\repository\org\fusesource\leveldbjni\leveldbjni-all\1.8\leveldbjni-all-1.8.jar;C:\Users\mi\.m2\repository\org\apache\spark\spark-unsafe_2.10\1.6.1\spark-unsafe_2.10-1.6.1.jar;C:\Users\mi\.m2\repository\net\java\dev\jets3t\jets3t\0.7.1\jets3t-0.7.1.jar;C:\Users\mi\.m2\repository\commons-httpclient\commons-httpclient\3.1\commons-httpclient-3.1.jar;C:\Users\mi\.m2\repository\org\apache\curator\curator-recipes\2.4.0\curator-recipes-2.4.0.jar;C:\Users\mi\.m2\repository\org\apache\curator\curator-framework\2.4.0\curator-framework-2.4.0.jar;C:\Users\mi\.m2\repository\org\apache\curator\curator-client\2.4.0\curator-client-2.4.0.jar;C:\Users\mi\.m2\repository\org\eclipse\jetty\orbit\javax.servlet\3.0.0.v201112011016\javax.servlet-3.0.0.v201112011016.jar;C:\Users\mi\.m2\repository\org\apache\commons\commons-lang3\3.3.2\commons-lang3-3.3.2.jar;C:\Users\mi\.m2\repository\org\apache\commons\commons-math3\3.4.1\commons-math3-3.4.1.jar;C:\Users\mi\.m2\repository\com\google\code\findbugs\jsr305\1.3.9\jsr305-1.3.9.jar;C:\Users\mi\.m2\repository\org\slf4j\slf4j-api\1.7.10\slf4j-api-1.7.10.jar;C:\Users\mi\.m2\repository\org\slf4j\jul-to-slf4j\1.7.10\jul-to-slf4j-1.7.10.jar;C:\Users\mi\.m2\repository\org\slf4j\jcl-over-slf4j\1.7.10\jcl-over-slf4j-1.7.10.jar;C:\Users\mi\.m2\repository\log4j\log4j\1.2.17\log4j-1.2.17.jar;C:\Users\mi\.m2\repository\org\slf4j\slf4j-log4j12\1.7.10\slf4j-log4j12-1.7.10.jar;C:\Users\mi\.m2\repository\com\ning\compress-lzf\1.0.3\compress-lzf-1.0.3.jar;C:\Users\mi\.m2\repository\org\xerial\snappy\snappy-java\1.1.2\snappy-java-1.1.2.jar;C:\Users\mi\.m2\repository\net\jpountz\lz4\lz4\1.3.0\lz4-1.3.0.jar;C:\Users\mi\.m2\repository\org\roaringbitmap\RoaringBitmap\0.5.11\RoaringBitmap-0.5.11.jar;C:\Users\mi\.m2\repository\commons-net\commons-net\2.2\commons-net-2.2.jar;C:\Users\mi\.m2\repository\com\typesafe\akka\akka-remote_2.10\2.3.11\akka-remote_2.10-2.3.11.jar;C:\Users\mi\.m2\repository\com\typesafe\akka\akka-actor_2.10\2.3.11\akka-actor_2.10-2.3.11.jar;C:\Users\mi\.m2\repository\io\netty\netty\3.8.0.Final\netty-3.8.0.Final.jar;C:\Users\mi\.m2\repository\com\google\protobuf\protobuf-java\2.5.0\protobuf-java-2.5.0.jar;C:\Users\mi\.m2\repository\org\uncommons\maths\uncommons-maths\1.2.2a\uncommons-maths-1.2.2a.jar;C:\Users\mi\.m2\repository\com\typesafe\akka\akka-slf4j_2.10\2.3.11\akka-slf4j_2.10-2.3.11.jar;C:\Users\mi\.m2\repository\org\json4s\json4s-jackson_2.10\3.2.10\json4s-jackson_2.10-3.2.10.jar;C:\Users\mi\.m2\repository\org\json4s\json4s-core_2.10\3.2.10\json4s-core_2.10-3.2.10.jar;C:\Users\mi\.m2\repository\org\json4s\json4s-ast_2.10\3.2.10\json4s-ast_2.10-3.2.10.jar;C:\Users\mi\.m2\repository\org\scala-lang\scalap\2.10.0\scalap-2.10.0.jar;C:\Users\mi\.m2\repository\org\scala-lang\scala-compiler\2.10.0\scala-compiler-2.10.0.jar;C:\Users\mi\.m2\repository\com\sun\jersey\jersey-server\1.9\jersey-server-1.9.jar;C:\Users\mi\.m2\repository\asm\asm\3.1\asm-3.1.jar;C:\Users\mi\.m2\repository\com\sun\jersey\jersey-core\1.9\jersey-core-1.9.jar;C:\Users\mi\.m2\repository\org\apache\mesos\mesos\0.21.1\mesos-0.21.1-shaded-protobuf.jar;C:\Users\mi\.m2\repository\io\netty\netty-all\4.0.29.Final\netty-all-4.0.29.Final.jar;C:\Users\mi\.m2\repository\com\clearspring\analytics\stream\2.7.0\stream-2.7.0.jar;C:\Users\mi\.m2\repository\io\dropwizard\metrics\metrics-core\3.1.2\metrics-core-3.1.2.jar;C:\Users\mi\.m2\repository\io\dropwizard\metrics\metrics-jvm\3.1.2\metrics-jvm-3.1.2.jar;C:\Users\mi\.m2\repository\io\dropwizard\metrics\metrics-json\3.1.2\metrics-json-3.1.2.jar;C:\Users\mi\.m2\repository\io\dropwizard\metrics\metrics-graphite\3.1.2\metrics-graphite-3.1.2.jar;C:\Users\mi\.m2\repository\com\fasterxml\jackson\core\jackson-databind\2.4.4\jackson-databind-2.4.4.jar;C:\Users\mi\.m2\repository\com\fasterxml\jackson\module\jackson-module-scala_2.10\2.4.4\jackson-module-scala_2.10-2.4.4.jar;C:\Users\mi\.m2\repository\com\thoughtworks\paranamer\paranamer\2.6\paranamer-2.6.jar;C:\Users\mi\.m2\repository\org\apache\ivy\ivy\2.4.0\ivy-2.4.0.jar;C:\Users\mi\.m2\repository\oro\oro\2.0.8\oro-2.0.8.jar;C:\Users\mi\.m2\repository\org\tachyonproject\tachyon-client\0.8.2\tachyon-client-0.8.2.jar;C:\Users\mi\.m2\repository\commons-io\commons-io\2.4\commons-io-2.4.jar;C:\Users\mi\.m2\repository\org\tachyonproject\tachyon-underfs-hdfs\0.8.2\tachyon-underfs-hdfs-0.8.2.jar;C:\Users\mi\.m2\repository\org\tachyonproject\tachyon-underfs-s3\0.8.2\tachyon-underfs-s3-0.8.2.jar;C:\Users\mi\.m2\repository\org\tachyonproject\tachyon-underfs-local\0.8.2\tachyon-underfs-local-0.8.2.jar;C:\Users\mi\.m2\repository\net\razorvine\pyrolite\4.9\pyrolite-4.9.jar;C:\Users\mi\.m2\repository\net\sf\py4j\py4j\0.9\py4j-0.9.jar;C:\Users\mi\.m2\repository\org\spark-project\spark\unused\1.0.0\unused-1.0.0.jar;C:\Users\mi\.m2\repository\com\xiaomi\data\data-platform-spec-miuiads\0.0.1-SNAPSHOT\data-platform-spec-miuiads-0.0.1-SNAPSHOT.jar;C:\Users\mi\.m2\repository\commons-lang\commons-lang\2.6\commons-lang-2.6.jar;C:\Users\mi\.m2\repository\org\apache\spark\spark-sql_2.10\1.6.1\spark-sql_2.10-1.6.1.jar;C:\Users\mi\.m2\repository\org\apache\spark\spark-catalyst_2.10\1.6.1\spark-catalyst_2.10-1.6.1.jar;C:\Users\mi\.m2\repository\org\codehaus\janino\janino\2.7.8\janino-2.7.8.jar;C:\Users\mi\.m2\repository\org\codehaus\janino\commons-compiler\2.7.8\commons-compiler-2.7.8.jar;C:\Users\mi\.m2\repository\org\apache\parquet\parquet-column\1.7.0\parquet-column-1.7.0.jar;C:\Users\mi\.m2\repository\org\apache\parquet\parquet-hadoop\1.7.0\parquet-hadoop-1.7.0.jar;C:\Users\mi\.m2\repository\org\apache\parquet\parquet-format\2.3.0-incubating\parquet-format-2.3.0-incubating.jar;C:\Users\mi\.m2\repository\org\apache\parquet\parquet-jackson\1.7.0\parquet-jackson-1.7.0.jar;C:\Users\mi\.m2\repository\com\xiaomi\data\commons-spark\0.16.6\commons-spark-0.16.6.jar;C:\Users\mi\.m2\repository\com\xiaomi\data\commons-hadoop\0.16.5.1\commons-hadoop-0.16.5.1.jar;C:\Users\mi\.m2\repository\com\xiaomi\data\commons-misc\0.16.5\commons-misc-0.16.5.jar;C:\Users\mi\.m2\repository\org\jruby\jruby-complete\1.6.5\jruby-complete-1.6.5.jar;C:\Users\mi\.m2\repository\com\xiaomi\data\commons-thrift\0.16.6\commons-thrift-0.16.6.jar;C:\Users\mi\.m2\repository\com\typesafe\config\1.2.1\config-1.2.1.jar;C:\Users\mi\.m2\repository\com\twitter\elephantbird\elephant-bird-core\4.4\elephant-bird-core-4.4.jar;C:\Users\mi\.m2\repository\com\twitter\elephantbird\elephant-bird-hadoop-compat\4.4\elephant-bird-hadoop-compat-4.4.jar;C:\Users\mi\.m2\repository\com\googlecode\json-simple\json-simple\1.1\json-simple-1.1.jar;C:\Users\mi\.m2\repository\com\hadoop\gplcompression\hadoop-lzo\0.4.16\hadoop-lzo-0.4.16.jar;C:\Users\mi\.m2\repository\org\apache\parquet\parquet-thrift\1.7.0\parquet-thrift-1.7.0.jar;C:\Users\mi\.m2\repository\com\twitter\elephantbird\elephant-bird-pig\4.4\elephant-bird-pig-4.4.jar;C:\Users\mi\.m2\repository\org\apache\parquet\parquet-pig\1.7.0\parquet-pig-1.7.0.jar;C:\Users\mi\.m2\repository\org\apache\parquet\parquet-common\1.7.0\parquet-common-1.7.0.jar;C:\Users\mi\.m2\repository\org\apache\parquet\parquet-encoding\1.7.0\parquet-encoding-1.7.0.jar;C:\Users\mi\.m2\repository\org\apache\parquet\parquet-generator\1.7.0\parquet-generator-1.7.0.jar;C:\Users\mi\.m2\repository\com\xiaomi\data\commons-net\0.16.6\commons-net-0.16.6.jar;C:\Users\mi\.m2\repository\joda-time\joda-time\2.7\joda-time-2.7.jar;C:\Users\mi\.m2\repository\org\joda\joda-convert\1.6\joda-convert-1.6.jar;C:\Users\mi\.m2\repository\org\apache\httpcomponents\httpclient\4.1.2\httpclient-4.1.2.jar;C:\Users\mi\.m2\repository\org\apache\httpcomponents\httpcore\4.1.2\httpcore-4.1.2.jar;C:\Users\mi\.m2\repository\org\apache\commons\commons-email\1.4\commons-email-1.4.jar;C:\Users\mi\.m2\repository\com\xiaomi\data\ip-tools\0.0.1-SNAPSHOT\ip-tools-0.0.1-SNAPSHOT.jar;C:\Users\mi\.m2\repository\com\xiaomi\data\commons-encode\0.16.6\commons-encode-0.16.6.jar;C:\Users\mi\.m2\repository\commons-codec\commons-codec\1.4\commons-codec-1.4.jar;C:\Users\mi\.m2\repository\com\xiaomi\data\commons-constant\0.16.6.1\commons-constant-0.16.6.1.jar;C:\Users\mi\.m2\repository\com\xiaomi\data\data-platform-spec-profile\0.0.1-SNAPSHOT\data-platform-spec-profile-0.0.1-SNAPSHOT.jar;C:\Users\mi\.m2\repository\com\xiaomi\data\data-platform-spec\0.0.2-SNAPSHOT\data-platform-spec-0.0.2-SNAPSHOT.jar;C:\Users\mi\.m2\repository\com\xiaomi\data\data-platform-spec-xiaoqiang\0.0.1-SNAPSHOT\data-platform-spec-xiaoqiang-0.0.1-SNAPSHOT.jar;C:\Users\mi\.m2\repository\com\xiaomi\miui-data-core\1.3-SNAPSHOT\miui-data-core-1.3-SNAPSHOT.jar;C:\Users\mi\.m2\repository\net\sf\json-lib\json-lib\2.2.3\json-lib-2.2.3-jdk15.jar;C:\Users\mi\.m2\repository\commons-beanutils\commons-beanutils\1.7.0\commons-beanutils-1.7.0.jar;C:\Users\mi\.m2\repository\commons-collections\commons-collections\3.2\commons-collections-3.2.jar;C:\Users\mi\.m2\repository\commons-logging\commons-logging\1.1.1\commons-logging-1.1.1.jar;C:\Users\mi\.m2\repository\net\sf\ezmorph\ezmorph\1.0.6\ezmorph-1.0.6.jar;C:\Users\mi\.m2\repository\com\xiaomi\miui-analytics-util\1.1-SNAPSHOT\miui-analytics-util-1.1-SNAPSHOT.jar;C:\Users\mi\.m2\repository\com\google\code\gson\gson\2.2.1\gson-2.2.1.jar;C:\Users\mi\.m2\repository\commons-pool\commons-pool\1.5.4\commons-pool-1.5.4.jar;C:\Users\mi\.m2\repository\org\jsoup\jsoup\1.7.2\jsoup-1.7.2.jar;C:\Users\mi\.m2\repository\org\apache\ant\ant\1.8.2\ant-1.8.2.jar;C:\Users\mi\.m2\repository\org\apache\ant\ant-launcher\1.8.2\ant-launcher-1.8.2.jar;C:\Users\mi\.m2\repository\org\bouncycastle\bcprov-jdk16\1.46\bcprov-jdk16-1.46.jar;C:\Users\mi\.m2\repository\org\apache\poi\poi-excelant\3.10-beta1\poi-excelant-3.10-beta1.jar;C:\Users\mi\.m2\repository\org\apache\poi\poi\3.10-beta1\poi-3.10-beta1.jar;C:\Users\mi\.m2\repository\org\apache\poi\poi-ooxml\3.10-beta1\poi-ooxml-3.10-beta1.jar;C:\Users\mi\.m2\repository\org\apache\poi\poi-ooxml-schemas\3.10-beta1\poi-ooxml-schemas-3.10-beta1.jar;C:\Users\mi\.m2\repository\org\apache\xmlbeans\xmlbeans\2.3.0\xmlbeans-2.3.0.jar;C:\Users\mi\.m2\repository\dom4j\dom4j\1.6.1\dom4j-1.6.1.jar;C:\Users\mi\.m2\repository\org\apache\kafka\kafka_2.11\0.8.2.1\kafka_2.11-0.8.2.1.jar;C:\Users\mi\.m2\repository\org\scala-lang\modules\scala-xml_2.11\1.0.2\scala-xml_2.11-1.0.2.jar;C:\Users\mi\.m2\repository\org\scala-lang\modules\scala-parser-combinators_2.11\1.0.2\scala-parser-combinators_2.11-1.0.2.jar;C:\Users\mi\.m2\repository\org\apache\kafka\kafka-clients\0.8.2.1\kafka-clients-0.8.2.1.jar;C:\Users\mi\.m2\repository\net\paoding\paoding-rose\1.0-SNAPSHOT\paoding-rose-1.0-SNAPSHOT.jar;C:\Users\mi\.m2\repository\javax\persistence\persistence-api\1.0\persistence-api-1.0.jar;C:\Users\mi\.m2\repository\commons-fileupload\commons-fileupload\1.2.1\commons-fileupload-1.2.1.jar;C:\Users\mi\.m2\repository\org\springframework\spring\2.5.6.SEC02\spring-2.5.6.SEC02.jar;C:\Users\mi\.m2\repository\org\springframework\spring-webmvc\2.5.6.SEC02\spring-webmvc-2.5.6.SEC02.jar;C:\Users\mi\.m2\repository\org\springframework\spring-beans\2.5.6.SEC02\spring-beans-2.5.6.SEC02.jar;C:\Users\mi\.m2\repository\org\springframework\spring-context\2.5.6.SEC02\spring-context-2.5.6.SEC02.jar;C:\Users\mi\.m2\repository\aopalliance\aopalliance\1.0\aopalliance-1.0.jar;C:\Users\mi\.m2\repository\org\springframework\spring-context-support\2.5.6.SEC02\spring-context-support-2.5.6.SEC02.jar;C:\Users\mi\.m2\repository\org\springframework\spring-core\2.5.6.SEC02\spring-core-2.5.6.SEC02.jar;C:\Users\mi\.m2\repository\org\springframework\spring-web\2.5.6.SEC02\spring-web-2.5.6.SEC02.jar;C:\Users\mi\.m2\repository\org\apache\velocity\velocity\1.6.2\velocity-1.6.2.jar;C:\Users\mi\.m2\repository\net\paoding\paoding-rose-scanning\1.0-SNAPSHOT\paoding-rose-scanning-1.0-SNAPSHOT.jar;C:\Users\mi\.m2\repository\org\apache\velocity\velocity-tools\1.3\velocity-tools-1.3.jar;C:\Users\mi\.m2\repository\commons-digester\commons-digester\1.8\commons-digester-1.8.jar;C:\Users\mi\.m2\repository\commons-validator\commons-validator\1.3.1\commons-validator-1.3.1.jar;C:\Users\mi\.m2\repository\javax\servlet\servlet-api\2.3\servlet-api-2.3.jar;C:\Users\mi\.m2\repository\net\paoding\paoding-rose-jade\1.1-SNAPSHOT\paoding-rose-jade-1.1-SNAPSHOT.jar;C:\Users\mi\.m2\repository\commons-jexl\commons-jexl\1.1\commons-jexl-1.1.jar;C:\Users\mi\.m2\repository\mysql\mysql-connector-java\5.1.10\mysql-connector-java-5.1.10.jar;C:\Users\mi\.m2\repository\commons-dbcp\commons-dbcp\1.4\commons-dbcp-1.4.jar;C:\Users\mi\.m2\repository\com\alibaba\fastjson\1.2.4\fastjson-1.2.4.jar;C:\Users\mi\.m2\repository\com\xiaomi\common\perfcounter\xiaomi-common-perfcounter\2.6.24\xiaomi-common-perfcounter-2.6.24.jar;C:\Users\mi\.m2\repository\org\json\json\20090211\json-20090211.jar;C:\Users\mi\.m2\repository\com\yammer\metrics\metrics-core\2.2.0\metrics-core-2.2.0.jar;C:\Users\mi\.m2\repository\org\aspectj\aspectjrt\1.8.4\aspectjrt-1.8.4.jar;C:\Users\mi\.m2\repository\org\aspectj\aspectjweaver\1.8.4\aspectjweaver-1.8.4.jar;C:\Users\mi\.m2\repository\com\google\guava\guava\16.0\guava-16.0.jar;C:\Users\mi\.m2\repository\com\xiaomi\bmw-jade-route\1.0.5\bmw-jade-route-1.0.5.jar;C:\Users\mi\.m2\repository\xstream\xstream\1.3.1\xstream-1.3.1.jar;C:\Users\mi\.m2\repository\com\xiaomi\miliao-common\2.0.1\miliao-common-2.0.1.jar;C:\Users\mi\.m2\repository\com\xiaomi\xiaomi-common-dal\2.0\xiaomi-common-dal-2.0.jar;C:\Users\mi\.m2\repository\jaxen\jaxen\1.1\jaxen-1.1.jar;C:\Users\mi\.m2\repository\jdom\jdom\1.0\jdom-1.0.jar;C:\Users\mi\.m2\repository\xerces\xercesImpl\2.6.2\xercesImpl-2.6.2.jar;C:\Users\mi\.m2\repository\xom\xom\1.0\xom-1.0.jar;C:\Users\mi\.m2\repository\xerces\xmlParserAPIs\2.6.2\xmlParserAPIs-2.6.2.jar;C:\Users\mi\.m2\repository\xalan\xalan\2.6.0\xalan-2.6.0.jar;C:\Users\mi\.m2\repository\com\ibm\icu\icu4j\2.6.1\icu4j-2.6.1.jar;C:\Users\mi\.m2\repository\net\sf\jsqlparser\0.7.0\jsqlparser-0.7.0.jar;C:\Users\mi\.m2\repository\com\xiaomi\xiaomi-common-xclient\2.0\xiaomi-common-xclient-2.0.jar;C:\Users\mi\.m2\repository\com\xiaomi\xiaomi-common-mq\2.0\xiaomi-common-mq-2.0.jar;C:\Users\mi\.m2\repository\com\xiaomi\channel\scribe-log4j\0.0.1\scribe-log4j-0.0.1.jar;C:\Users\mi\.m2\repository\org\apache\lucene\core\3.0.3\core-3.0.3.jar;C:\Users\mi\.m2\repository\com\danga\java-memcached\2.5.1.2-xiaomi\java-memcached-2.5.1.2-xiaomi.jar;C:\Users\mi\.m2\repository\jmagick\jmagick\6.40\jmagick-6.40.jar;C:\Users\mi\.m2\repository\xml-apis\xml-apis\1.0.b2\xml-apis-1.0.b2.jar;C:\Users\mi\.m2\repository\com\rabbitmq\amqp-client\2.4.1\amqp-client-2.4.1.jar;C:\Users\mi\.m2\repository\com\basho\riak\riak-client\0.15\riak-client-0.15.jar;C:\Users\mi\.m2\repository\com\xiaomi\dal\0.1\dal-0.1.jar;C:\Users\mi\.m2\repository\com\xiaomi\appstore\appstore-backend-thrift\1.0.0-SNAPSHOT\appstore-backend-thrift-1.0.0-SNAPSHOT.jar;C:\Users\mi\.m2\repository\com\xiaomi\xiaomi-thrift-shared\2.0.3\xiaomi-thrift-shared-2.0.3.jar;C:\Users\mi\.m2\repository\com\github\scopt\scopt_2.10\3.3.0\scopt_2.10-3.3.0.jar;C:\Users\mi\.m2\repository\com\xiaomi\miui\miui-stats-utils\2.3-SNAPSHOT\miui-stats-utils-2.3-SNAPSHOT.jar;C:\Users\mi\.m2\repository\com\sun\mail\javax.mail\1.5.0\javax.mail-1.5.0.jar;C:\Users\mi\.m2\repository\javax\activation\activation\1.1\activation-1.1.jar;C:\Users\mi\.m2\repository\com\xiaomi\stats\backend\xiaomi-stats-common\1.1-SNAPSHOT\xiaomi-stats-common-1.1-SNAPSHOT.jar;C:\Users\mi\.m2\repository\com\xiaomi\stats\backend\xiaomi-stats-ipdb\1.1-SNAPSHOT\xiaomi-stats-ipdb-1.1-SNAPSHOT.jar;C:\Users\mi\.m2\repository\com\fasterxml\jackson\core\jackson-annotations\2.4.4\jackson-annotations-2.4.4.jar;C:\Users\mi\.m2\repository\com\fasterxml\jackson\core\jackson-core\2.4.4\jackson-core-2.4.4.jar;C:\Users\mi\.m2\repository\it\unimi\dsi\fastutil\6.5.15\fastutil-6.5.15.jar;C:\Users\mi\.m2\repository\org\apache\kafka\kafka_2.10\0.8.1.1-mdh1.0-SNAPSHOT\kafka_2.10-0.8.1.1-mdh1.0-SNAPSHOT.jar;C:\Users\mi\.m2\repository\net\sf\jopt-simple\jopt-simple\3.2\jopt-simple-3.2.jar;C:\Users\mi\.m2\repository\com\101tec\zkclient\0.3\zkclient-0.3.jar;C:\Users\mi\.m2\repository\com\xiaomi\stats\backend\xiaomi-stats-thrift\1.3-SNAPSHOT\xiaomi-stats-thrift-1.3-SNAPSHOT.jar;C:\Users\mi\.m2\repository\com\xiaomi\xiaomi-common-thrift\2.6.24\xiaomi-common-thrift-2.6.24.jar;C:\Users\mi\.m2\repository\com\xiaomi\xiaomi-thrift-scribe\2.0.3\xiaomi-thrift-scribe-2.0.3.jar;C:\Users\mi\.m2\repository\com\xiaomi\xtrace-client\1.0.20\xtrace-client-1.0.20.jar;C:\Users\mi\.m2\repository\com\xiaomi\xtrace-base\1.0.20\xtrace-base-1.0.20.jar;C:\Users\mi\.m2\repository\com\xiaomi\xtrace-common\1.0.20\xtrace-common-1.0.20.jar;C:\Users\mi\.m2\repository\com\xiaomi\xtrace-thrift\1.0.20\xtrace-thrift-1.0.20.jar;C:\Users\mi\.m2\repository\com\lmax\disruptor\3.3.0\disruptor-3.3.0.jar;C:\Users\mi\.m2\repository\org\apache\commons\cli\1.2\cli-1.2.jar;C:\Users\mi\.m2\repository\com\xiaomi\mipush\mipush-common-zookeeper\0.0.1-SNAPSHOT\mipush-common-zookeeper-0.0.1-SNAPSHOT.jar;C:\Users\mi\.m2\repository\com\xiaomi\xiaomi-common-utils\2.6.24\xiaomi-common-utils-2.6.24.jar;C:\Users\mi\.m2\repository\org\apache\hbase\hbase-client\0.98.11-mdh2.1.8\hbase-client-0.98.11-mdh2.1.8.jar;C:\Users\mi\.m2\repository\com\xiaomi\owl\metric-client\1.0.3\metric-client-1.0.3.jar;C:\Users\mi\.m2\repository\org\apache\hbase\hbase-annotations\0.98.11-mdh2.1.8\hbase-annotations-0.98.11-mdh2.1.8.jar;C:\Program Files\Java\jdk1.8.0_152\jre\..\lib\tools.jar;C:\Users\mi\.m2\repository\org\apache\hbase\hbase-common\0.98.11-mdh2.1.8\hbase-common-0.98.11-mdh2.1.8.jar;C:\Users\mi\.m2\repository\org\apache\hbase\hbase-protocol\0.98.11-mdh2.1.8\hbase-protocol-0.98.11-mdh2.1.8.jar;C:\Users\mi\.m2\repository\org\apache\htrace\htrace-core\3.1.1-mdh1.0-SNAPSHOT\htrace-core-3.1.1-mdh1.0-SNAPSHOT.jar;C:\Users\mi\.m2\repository\org\jruby\jcodings\jcodings\1.0.8\jcodings-1.0.8.jar;C:\Users\mi\.m2\repository\org\jruby\joni\joni\2.1.2\joni-2.1.2.jar;C:\Users\mi\.m2\repository\org\apache\hadoop\hadoop-auth\2.4.0-mdh2.3.20\hadoop-auth-2.4.0-mdh2.3.20.jar;C:\Users\mi\.m2\repository\com\github\stephenc\findbugs\findbugs-annotations\1.3.9-1\findbugs-annotations-1.3.9-1.jar;C:\Users\mi\.m2\repository\com\twitter\scrooge-core_2.10\4.7.0\scrooge-core_2.10-4.7.0.jar;C:\Users\mi\.m2\repository\org\apache\thrift\thrift\0.5.0-fix-thrift2402\thrift-0.5.0-fix-thrift2402.jar;C:\Users\mi\.m2\repository\com\twitter\scalding-parquet_2.10\0.16.0\scalding-parquet_2.10-0.16.0.jar;C:\Users\mi\.m2\repository\com\twitter\scalding-core_2.10\0.16.0\scalding-core_2.10-0.16.0.jar;C:\Users\mi\.m2\repository\com\twitter\scalding-args_2.10\0.16.0\scalding-args_2.10-0.16.0.jar;C:\Users\mi\.m2\repository\com\twitter\scalding-date_2.10\0.16.0\scalding-date_2.10-0.16.0.jar;C:\Users\mi\.m2\repository\com\twitter\scalding-serialization_2.10\0.16.0\scalding-serialization_2.10-0.16.0.jar;C:\Users\mi\.m2\repository\com\twitter\maple\0.16.0\maple-0.16.0.jar;C:\Users\mi\.m2\repository\cascading\cascading-core\2.6.1\cascading-core-2.6.1.jar;C:\Users\mi\.m2\repository\riffle\riffle\0.1-dev\riffle-0.1-dev.jar;C:\Users\mi\.m2\repository\thirdparty\jgrapht-jdk1.6\0.8.1\jgrapht-jdk1.6-0.8.1.jar;C:\Users\mi\.m2\repository\cascading\cascading-hadoop\2.6.1\cascading-hadoop-2.6.1.jar;C:\Users\mi\.m2\repository\cascading\cascading-local\2.6.1\cascading-local-2.6.1.jar;C:\Users\mi\.m2\repository\com\twitter\chill-hadoop\0.7.3\chill-hadoop-0.7.3.jar;C:\Users\mi\.m2\repository\com\twitter\algebird-core_2.10\0.12.0\algebird-core_2.10-0.12.0.jar;C:\Users\mi\.m2\repository\com\googlecode\javaewah\JavaEWAH\0.6.6\JavaEWAH-0.6.6.jar;C:\Users\mi\.m2\repository\com\twitter\bijection-core_2.10\0.9.1\bijection-core_2.10-0.9.1.jar;C:\Users\mi\.m2\repository\com\twitter\chill-algebird_2.10\0.7.3\chill-algebird_2.10-0.7.3.jar;C:\Users\mi\.m2\repository\org\scala-lang\scala-reflect\2.10.6\scala-reflect-2.10.6.jar;C:\Users\mi\.m2\repository\com\twitter\bijection-macros_2.10\0.9.1\bijection-macros_2.10-0.9.1.jar;C:\Users\mi\.m2\repository\com\twitter\chill-bijection_2.10\0.7.3\chill-bijection_2.10-0.7.3.jar;C:\Users\mi\.m2\repository\org\scalamacros\quasiquotes_2.10\2.0.1\quasiquotes_2.10-2.0.1.jar;C:\Users\mi\.m2\repository\com\xiaomi\data\commons-test\0.16.6\commons-test-0.16.6.jar;C:\Users\mi\.m2\repository\junit\junit\4.12\junit-4.12.jar;C:\Users\mi\.m2\repository\org\hamcrest\hamcrest-core\1.3\hamcrest-core-1.3.jar;C:\Users\mi\.m2\repository\org\hamcrest\hamcrest-all\1.3\hamcrest-all-1.3.jar;C:\Users\mi\.m2\repository\org\scalatest\scalatest_2.10\2.2.6\scalatest_2.10-2.2.6.jar;C:\Users\mi\.m2\repository\org\scalamock\scalamock-core_2.10\3.2\scalamock-core_2.10-3.2.jar;C:\Users\mi\.m2\repository\org\scalamock\scalamock-scalatest-support_2.10\3.2\scalamock-scalatest-support_2.10-3.2.jar;C:\Users\mi\.m2\repository\org\apache\mrunit\mrunit\1.0.0\mrunit-1.0.0-hadoop2.jar;C:\Users\mi\.m2\repository\org\mockito\mockito-all\1.8.5\mockito-all-1.8.5.jar;C:\Users\mi\.m2\repository\com\sun\jersey\jersey-servlet\1.19.1\jersey-servlet-1.19.1.jar;C:\Users\mi\.m2\repository\org\jboss\resteasy\jaxrs-api\3.0.12.Final\jaxrs-api-3.0.12.Final.jar;C:\Users\mi\.m2\repository\com\xiaomi\miui\ad\unistore-client\0.0.3\unistore-client-0.0.3.jar;C:\Users\mi\.m2\repository\com\xiaomi\miui\ad\unistore-thrift\0.0.3\unistore-thrift-0.0.3.jar;C:\Users\mi\.m2\repository\com\xiaomi\miui\ad\unistore-service\0.0.3\unistore-service-0.0.3.jar;C:\Users\mi\.m2\repository\com\xiaomi\miui\ad\unistore-core\0.0.3\unistore-core-0.0.3.jar;C:\Users\mi\.m2\repository\miui_ad\miui_ad_common\0.6.1\miui_ad_common-0.6.1.jar;C:\Users\mi\.m2\repository\freemarker\freemarker\2.3.8\freemarker-2.3.8.jar;C:\Users\mi\.m2\repository\miui_ad\miui_ad_thrift\0.3.31\miui_ad_thrift-0.3.31.jar;C:\Users\mi\.m2\repository\com\xiaomi\misearch\thrift-appstore-search\0.0.1-SNAPSHOT\thrift-appstore-search-0.0.1-SNAPSHOT.jar;C:\Users\mi\.m2\repository\com\xiaomi\appstore\appstore-service-thrift\1.0.0-SNAPSHOT\appstore-service-thrift-1.0.0-SNAPSHOT.jar;C:\Users\mi\.m2\repository\miui_ad\exchange_thrift\0.1.28\exchange_thrift-0.1.28.jar;C:\Users\mi\.m2\repository\miui_ad\miui_ad_dsp_thrift\0.1.09\miui_ad_dsp_thrift-0.1.09.jar;C:\Users\mi\.m2\repository\com\xiaomi\ad\ip-utils_2.10\0.0.5-SNAPSHOT\ip-utils_2.10-0.0.5-SNAPSHOT.jar;C:\Users\mi\.m2\repository\com\typesafe\scala-logging\scala-logging-slf4j_2.10\2.1.2\scala-logging-slf4j_2.10-2.1.2.jar;C:\Users\mi\.m2\repository\com\typesafe\scala-logging\scala-logging-api_2.10\2.1.2\scala-logging-api_2.10-2.1.2.jar;C:\Users\mi\.m2\repository\com\xiaomi\infra\hbase-client\1.3.10\hbase-client-1.3.10.jar;C:\Users\mi\.m2\repository\com\xiaomi\infra\themis-client\1.0-SNAPSHOT\themis-client-1.0-SNAPSHOT.jar;C:\Users\mi\.m2\repository\com\xiaomi\infra\themis-coprocessor\1.0-SNAPSHOT\themis-coprocessor-1.0-SNAPSHOT-tests.jar;C:\Users\mi\.m2\repository\com\xiaomi\infra\chronos-client\1.2.1-thrift0.5.0\chronos-client-1.2.1-thrift0.5.0.jar;C:\Users\mi\.m2\repository\com\xiaomi\infra\themis-coprocessor\1.0-SNAPSHOT\themis-coprocessor-1.0-SNAPSHOT.jar;C:\Users\mi\.m2\repository\org\apache\hbase\hbase\0.94.11-mdh1.2.27\hbase-0.94.11-mdh1.2.27.jar;C:\Users\mi\.m2\repository\com\github\stephenc\high-scale-lib\high-scale-lib\1.1.1\high-scale-lib-1.1.1.jar;C:\Users\mi\.m2\repository\com\xiaomi\infra\ext-log4j\1.0.0-SNAPSHOT\ext-log4j-1.0.0-SNAPSHOT.jar;C:\Users\mi\.m2\repository\org\mortbay\jetty\jetty\6.1.26\jetty-6.1.26.jar;C:\Users\mi\.m2\repository\org\codehaus\jackson\jackson-jaxrs\1.8.8\jackson-jaxrs-1.8.8.jar;C:\Users\mi\.m2\repository\org\codehaus\jackson\jackson-xc\1.8.8\jackson-xc-1.8.8.jar;C:\Users\mi\.m2\repository\tomcat\jasper-compiler\5.5.23\jasper-compiler-5.5.23.jar;C:\Users\mi\.m2\repository\tomcat\jasper-runtime\5.5.23\jasper-runtime-5.5.23.jar;C:\Users\mi\.m2\repository\commons-el\commons-el\1.0\commons-el-1.0.jar;C:\Users\mi\.m2\repository\org\jamon\jamon-runtime\2.3.1\jamon-runtime-2.3.1.jar;C:\Users\mi\.m2\repository\javax\xml\bind\jaxb-api\2.1\jaxb-api-2.1.jar;C:\Users\mi\.m2\repository\stax\stax-api\1.0.1\stax-api-1.0.1.jar;C:\Users\mi\.m2\repository\org\apache\hadoop\hadoop-security\2.0.0-mdh1.3.3\hadoop-security-2.0.0-mdh1.3.3.jar;C:\Users\mi\.m2\repository\com\xiaomi\infra\galaxy\galaxy-sds-core\1.2.6\galaxy-sds-core-1.2.6.jar;C:\Users\mi\.m2\repository\com\xiaomi\infra\pegasus-client\1.3.4-for-thrift-0.5\pegasus-client-1.3.4-for-thrift-0.5.jar;C:\Users\mi\.m2\repository\redis\clients\jedis\3.0.1-SNAPSHOT\jedis-3.0.1-SNAPSHOT.jar;C:\Users\mi\.m2\repository\com\xiaomi\xiaomi-common-zookeeper\2.4.7\xiaomi-common-zookeeper-2.4.7.jar;C:\Users\mi\.m2\repository\org\apache\zookeeper\zookeeper\3.4.4-mdh1.0.3\zookeeper-3.4.4-mdh1.0.3.jar;C:\Users\mi\.m2\repository\org\jboss\netty\netty\3.2.2.Final\netty-3.2.2.Final.jar;C:\Users\mi\.m2\repository\jline\jline\0.9.94\jline-0.9.94.jar;C:\Users\mi\.m2\repository\zkclient\zkclient\0.2\zkclient-0.2.jar;C:\Users\mi\.m2\repository\org\apache\hadoop\zookeeper\zookeeper\3.3.3\zookeeper-3.3.3.jar;C:\Users\mi\.m2\repository\org\apache\commons\commons-pool2\2.3\commons-pool2-2.3.jar;C:\Users\mi\.m2\repository\com\xiaomi\miui\dmp\idm-inlet\1.1.0-SNAPSHOT\idm-inlet-1.1.0-SNAPSHOT.jar;C:\Users\mi\.m2\repository\com\xiaomi\miui\dmp\idm-client\1.1.0-SNAPSHOT\idm-client-1.1.0-SNAPSHOT.jar;C:\Users\mi\.m2\repository\com\xiaomi\miui\dmp\idm-ad-client\1.1.0-SNAPSHOT\idm-ad-client-1.1.0-SNAPSHOT.jar;C:\Users\mi\.m2\repository\com\xiaomi\miui\ad\infra\redis\1.1.0-SNAPSHOT\redis-1.1.0-SNAPSHOT.jar;C:\Users\mi\.m2\repository\org\apache\spark\spark-mllib_2.11\2.1.0\spark-mllib_2.11-2.1.0.jar;C:\Users\mi\.m2\repository\org\apache\spark\spark-core_2.11\2.1.0\spark-core_2.11-2.1.0.jar;C:\Users\mi\.m2\repository\com\twitter\chill_2.11\0.8.0\chill_2.11-0.8.0.jar;C:\Users\mi\.m2\repository\com\esotericsoftware\kryo-shaded\3.0.3\kryo-shaded-3.0.3.jar;C:\Users\mi\.m2\repository\com\esotericsoftware\minlog\1.3.0\minlog-1.3.0.jar;C:\Users\mi\.m2\repository\org\apache\spark\spark-launcher_2.11\2.1.0\spark-launcher_2.11-2.1.0.jar;C:\Users\mi\.m2\repository\org\apache\spark\spark-network-common_2.11\2.1.0\spark-network-common_2.11-2.1.0.jar;C:\Users\mi\.m2\repository\org\apache\spark\spark-network-shuffle_2.11\2.1.0\spark-network-shuffle_2.11-2.1.0.jar;C:\Users\mi\.m2\repository\org\apache\spark\spark-unsafe_2.11\2.1.0\spark-unsafe_2.11-2.1.0.jar;C:\Users\mi\.m2\repository\javax\servlet\javax.servlet-api\3.1.0\javax.servlet-api-3.1.0.jar;C:\Users\mi\.m2\repository\org\json4s\json4s-jackson_2.11\3.2.11\json4s-jackson_2.11-3.2.11.jar;C:\Users\mi\.m2\repository\org\json4s\json4s-core_2.11\3.2.11\json4s-core_2.11-3.2.11.jar;C:\Users\mi\.m2\repository\org\json4s\json4s-ast_2.11\3.2.11\json4s-ast_2.11-3.2.11.jar;C:\Users\mi\.m2\repository\org\glassfish\jersey\core\jersey-client\2.22.2\jersey-client-2.22.2.jar;C:\Users\mi\.m2\repository\javax\ws\rs\javax.ws.rs-api\2.0.1\javax.ws.rs-api-2.0.1.jar;C:\Users\mi\.m2\repository\org\glassfish\hk2\hk2-api\2.4.0-b34\hk2-api-2.4.0-b34.jar;C:\Users\mi\.m2\repository\org\glassfish\hk2\hk2-utils\2.4.0-b34\hk2-utils-2.4.0-b34.jar;C:\Users\mi\.m2\repository\org\glassfish\hk2\external\aopalliance-repackaged\2.4.0-b34\aopalliance-repackaged-2.4.0-b34.jar;C:\Users\mi\.m2\repository\org\glassfish\hk2\external\javax.inject\2.4.0-b34\javax.inject-2.4.0-b34.jar;C:\Users\mi\.m2\repository\org\glassfish\hk2\hk2-locator\2.4.0-b34\hk2-locator-2.4.0-b34.jar;C:\Users\mi\.m2\repository\org\javassist\javassist\3.18.1-GA\javassist-3.18.1-GA.jar;C:\Users\mi\.m2\repository\org\glassfish\jersey\core\jersey-common\2.22.2\jersey-common-2.22.2.jar;C:\Users\mi\.m2\repository\javax\annotation\javax.annotation-api\1.2\javax.annotation-api-1.2.jar;C:\Users\mi\.m2\repository\org\glassfish\jersey\bundles\repackaged\jersey-guava\2.22.2\jersey-guava-2.22.2.jar;C:\Users\mi\.m2\repository\org\glassfish\hk2\osgi-resource-locator\1.0.1\osgi-resource-locator-1.0.1.jar;C:\Users\mi\.m2\repository\org\glassfish\jersey\core\jersey-server\2.22.2\jersey-server-2.22.2.jar;C:\Users\mi\.m2\repository\org\glassfish\jersey\media\jersey-media-jaxb\2.22.2\jersey-media-jaxb-2.22.2.jar;C:\Users\mi\.m2\repository\javax\validation\validation-api\1.1.0.Final\validation-api-1.1.0.Final.jar;C:\Users\mi\.m2\repository\org\glassfish\jersey\containers\jersey-container-servlet\2.22.2\jersey-container-servlet-2.22.2.jar;C:\Users\mi\.m2\repository\org\glassfish\jersey\containers\jersey-container-servlet-core\2.22.2\jersey-container-servlet-core-2.22.2.jar;C:\Users\mi\.m2\repository\com\fasterxml\jackson\module\jackson-module-scala_2.11\2.6.5\jackson-module-scala_2.11-2.6.5.jar;C:\Users\mi\.m2\repository\com\fasterxml\jackson\module\jackson-module-paranamer\2.6.5\jackson-module-paranamer-2.6.5.jar;C:\Users\mi\.m2\repository\org\apache\commons\commons-crypto\1.0.0\commons-crypto-1.0.0.jar;C:\Users\mi\.m2\repository\org\apache\spark\spark-streaming_2.11\2.1.0\spark-streaming_2.11-2.1.0.jar;C:\Users\mi\.m2\repository\org\apache\spark\spark-sql_2.11\2.1.0\spark-sql_2.11-2.1.0.jar;C:\Users\mi\.m2\repository\com\univocity\univocity-parsers\2.2.1\univocity-parsers-2.2.1.jar;C:\Users\mi\.m2\repository\org\apache\spark\spark-sketch_2.11\2.1.0\spark-sketch_2.11-2.1.0.jar;C:\Users\mi\.m2\repository\org\apache\spark\spark-catalyst_2.11\2.1.0\spark-catalyst_2.11-2.1.0.jar;C:\Users\mi\.m2\repository\org\antlr\antlr4-runtime\4.5.3\antlr4-runtime-4.5.3.jar;C:\Users\mi\.m2\repository\org\apache\spark\spark-graphx_2.11\2.1.0\spark-graphx_2.11-2.1.0.jar;C:\Users\mi\.m2\repository\com\github\fommil\netlib\core\1.1.2\core-1.1.2.jar;C:\Users\mi\.m2\repository\net\sourceforge\f2j\arpack_combined_all\0.1\arpack_combined_all-0.1.jar;C:\Users\mi\.m2\repository\org\apache\spark\spark-mllib-local_2.11\2.1.0\spark-mllib-local_2.11-2.1.0.jar;C:\Users\mi\.m2\repository\org\scalanlp\breeze_2.11\0.12\breeze_2.11-0.12.jar;C:\Users\mi\.m2\repository\org\scalanlp\breeze-macros_2.11\0.12\breeze-macros_2.11-0.12.jar;C:\Users\mi\.m2\repository\net\sf\opencsv\opencsv\2.3\opencsv-2.3.jar;C:\Users\mi\.m2\repository\com\github\rwl\jtransforms\2.4.0\jtransforms-2.4.0.jar;C:\Users\mi\.m2\repository\org\spire-math\spire_2.11\0.7.4\spire_2.11-0.7.4.jar;C:\Users\mi\.m2\repository\org\spire-math\spire-macros_2.11\0.7.4\spire-macros_2.11-0.7.4.jar;C:\Users\mi\.m2\repository\com\chuusai\shapeless_2.11\2.0.0\shapeless_2.11-2.0.0.jar;C:\Users\mi\.m2\repository\org\jpmml\pmml-model\1.2.15\pmml-model-1.2.15.jar;C:\Users\mi\.m2\repository\org\jpmml\pmml-schema\1.2.15\pmml-schema-1.2.15.jar;C:\Users\mi\.m2\repository\org\apache\spark\spark-tags_2.11\2.1.0\spark-tags_2.11-2.1.0.jar;C:\Users\mi\.m2\repository\org\scalatest\scalatest_2.11\2.2.6\scalatest_2.11-2.2.6.jar">
</property>
    <property name="java.vm.specification.version" value="1.8"> </property>
    <property name="sun.arch.data.model" value="64"> </property>
    <property name="java.home" value="C:\Program Files\Java\jdk1.8.0_152\jre">
    </property>
    <property 
    name="sun.java.command" value="org.scalatest.tools.Runner -R F:\zhaowei6\acode\mine\machinealgorithm\target\classes F:\zhaowei6\acode\mine\machinealgorithm\target\test-classes -o -f F:\zhaowei6\acode\mine\machinealgorithm\target\surefire-reports\CommonsTestSuite.txt -u F:\zhaowei6\acode\mine\machinealgorithm\target\surefire-reports\.">
</property>
    <property name="java.specification.vendor" value="Oracle Corporation">
    </property>
    <property name="user.language" value="zh"> </property>
    <property name="awt.toolkit" value="sun.awt.windows.WToolkit"> </property>
    <property name="java.vm.info" value="mixed mode"> </property>
    <property name="java.version" value="1.8.0_152"> </property>
    <property 
    name="java.ext.dirs" value="C:\Program Files\Java\jdk1.8.0_152\jre\lib\ext;C:\WINDOWS\Sun\Java\lib\ext">
</property>
    <property 
    name="sun.boot.class.path" value="C:\Program Files\Java\jdk1.8.0_152\jre\lib\resources.jar;C:\Program Files\Java\jdk1.8.0_152\jre\lib\rt.jar;C:\Program Files\Java\jdk1.8.0_152\jre\lib\sunrsasign.jar;C:\Program Files\Java\jdk1.8.0_152\jre\lib\jsse.jar;C:\Program Files\Java\jdk1.8.0_152\jre\lib\jce.jar;C:\Program Files\Java\jdk1.8.0_152\jre\lib\charsets.jar;C:\Program Files\Java\jdk1.8.0_152\jre\lib\jfr.jar;C:\Program Files\Java\jdk1.8.0_152\jre\classes">
</property>
    <property name="java.vendor" value="Oracle Corporation"> </property>
    <property name="file.separator" value="\"> </property>
    <property 
    name="java.vendor.url.bug" value="http://bugreport.sun.com/bugreport/">
</property>
    <property name="sun.cpu.endian" value="little"> </property>
    <property name="sun.io.unicode.encoding" value="UnicodeLittle"> </property>
    <property name="sun.desktop" value="windows"> </property>
    <property name="sun.cpu.isalist" value="amd64"> </property>
  </properties>
  <system-out><![CDATA[]]></system-out>
  <system-err><![CDATA[]]></system-err>
</testsuite>
